<?xml version="1.0" encoding="UTF-8"?>
<testsuite xmlns:xsi="http://www.w3.org/2001/XMLSchema-instance" xsi:noNamespaceSchemaLocation="https://maven.apache.org/surefire/maven-failsafe-plugin/xsd/failsafe-test-report-3.0.xsd" version="3.0" name="runner.Runner" time="97.982" tests="6" errors="0" skipped="0" failures="0">
  <properties>
[...]
</properties>
  <testcase name="Customer navigation through product categories: Phones, Laptops and Monitors #1" classname="Demoblaze" time="16.307">
    <system-out><![CDATA[12:06:36.175 [main] INFO  serenity.serenity_steps.DemoBlazeSteps - Customer navigated to url: https://www.demoblaze.com/index.html
12:06:37.589 [main] INFO  serenity.serenity_steps.DemoBlazeSteps - Customer navigated to category: Phones
12:06:38.517 [main] INFO  serenity.serenity_steps.DemoBlazeSteps - Customer can see product Samsung galaxy s6 from category Phones
]]></system-out>
    <system-err><![CDATA[SLF4J: Failed to load class "org.slf4j.impl.StaticLoggerBinder".
SLF4J: Defaulting to no-operation (NOP) logger implementation
SLF4J: See http://www.slf4j.org/codes.html#StaticLoggerBinder for further details.
Starting ChromeDriver 86.0.4240.22 (398b0743353ff36fb1b82468f63a3a93b4e2e89e-refs/branch-heads/4240@{#378}) on port 19357
Only local connections are allowed.
Please see https://chromedriver.chromium.org/security-considerations for suggestions on keeping ChromeDriver safe.
ChromeDriver was started successfully.
Oct 19, 2020 12:06:32 PM org.openqa.selenium.remote.ProtocolHandshake createSession
INFO: Detected dialect: W3C
]]></system-err>
  </testcase>
  <testcase name="Customer navigation through product categories: Phones, Laptops and Monitors #2" classname="Demoblaze" time="10.779">
    <system-out><![CDATA[12:06:48.023 [main] INFO  serenity.serenity_steps.DemoBlazeSteps - Customer navigated to url: https://www.demoblaze.com/index.html
12:06:49.096 [main] INFO  serenity.serenity_steps.DemoBlazeSteps - Customer navigated to category: Laptops
12:06:50.126 [main] INFO  serenity.serenity_steps.DemoBlazeSteps - Customer can see product MacBook air from category Laptops
]]></system-out>
    <system-err><![CDATA[Starting ChromeDriver 86.0.4240.22 (398b0743353ff36fb1b82468f63a3a93b4e2e89e-refs/branch-heads/4240@{#378}) on port 5240
Only local connections are allowed.
Please see https://chromedriver.chromium.org/security-considerations for suggestions on keeping ChromeDriver safe.
ChromeDriver was started successfully.
Oct 19, 2020 12:06:45 PM org.openqa.selenium.remote.ProtocolHandshake createSession
INFO: Detected dialect: W3C
]]></system-err>
  </testcase>
  <testcase name="Customer navigation through product categories: Phones, Laptops and Monitors #3" classname="Demoblaze" time="12.007">
    <system-out><![CDATA[12:06:59.662 [main] INFO  serenity.serenity_steps.DemoBlazeSteps - Customer navigated to url: https://www.demoblaze.com/index.html
12:07:00.614 [main] INFO  serenity.serenity_steps.DemoBlazeSteps - Customer navigated to category: Monitors
12:07:02.091 [main] INFO  serenity.serenity_steps.DemoBlazeSteps - Customer can see product Apple monitor 24 from category Monitors
]]></system-out>
    <system-err><![CDATA[Starting ChromeDriver 86.0.4240.22 (398b0743353ff36fb1b82468f63a3a93b4e2e89e-refs/branch-heads/4240@{#378}) on port 12484
Only local connections are allowed.
Please see https://chromedriver.chromium.org/security-considerations for suggestions on keeping ChromeDriver safe.
ChromeDriver was started successfully.
Oct 19, 2020 12:06:55 PM org.openqa.selenium.remote.ProtocolHandshake createSession
INFO: Detected dialect: W3C
]]></system-err>
  </testcase>
  <testcase name="Demoblaze confirm price" classname="Demoblaze" time="34.997">
    <system-out><![CDATA[12:07:10.554 [main] INFO  serenity.serenity_steps.DemoBlazeSteps - Customer navigated to url: https://www.demoblaze.com/index.html
12:07:11.601 [main] INFO  serenity.serenity_steps.DemoBlazeSteps - Customer navigated to category: Laptops
12:07:16.037 [main] INFO  serenity.serenity_steps.DemoBlazeSteps - Customer added: Sony vaio i5 to cart
12:07:23.425 [main] INFO  serenity.serenity_steps.DemoBlazeSteps - Customer added: Dell i7 8gb to cart
12:07:30.056 [main] INFO  serenity.serenity_steps.DemoBlazeSteps - Customer deleted: Dell i7 8gb from cart
12:07:30.868 [main] INFO  serenity.serenity_steps.DemoBlazeSteps - Customer clicked on "Place order".
12:07:33.525 [main] INFO  serenity.serenity_steps.DemoBlazeSteps - Customer filled web form details.
12:07:34.230 [main] INFO  serenity.serenity_steps.DemoBlazeSteps - Customer clicked on "Purchase"
12:07:34.785 [main] INFO  serenity.serenity_steps.DemoBlazeSteps - Capturing and log purchase Id and Amount.
Id: 350384
Amount: 790 USD
Card Number: 222222222222
Name: XYZ
Date: 19/9/2020
Amount 790
Id 350384
12:07:34.912 [main] INFO  serenity.serenity_pages.DemoBlazeIndex - Order Amount 790
12:07:34.913 [main] INFO  serenity.serenity_pages.DemoBlazeIndex - Order Id 350384
12:07:34.913 [main] INFO  serenity.serenity_pages.DemoBlazeIndex - Asserted purchase amount equals expected. Purchase amount: 790 | Product price: 790
12:07:37.019 [main] INFO  serenity.serenity_steps.DemoBlazeSteps - Customer clicked on OK
]]></system-out>
    <system-err><![CDATA[Starting ChromeDriver 86.0.4240.22 (398b0743353ff36fb1b82468f63a3a93b4e2e89e-refs/branch-heads/4240@{#378}) on port 28330
Only local connections are allowed.
Please see https://chromedriver.chromium.org/security-considerations for suggestions on keeping ChromeDriver safe.
ChromeDriver was started successfully.
Oct 19, 2020 12:07:07 PM org.openqa.selenium.remote.ProtocolHandshake createSession
INFO: Detected dialect: W3C
]]></system-err>
  </testcase>
  <testcase name="Get available Pets" classname="PetStore Demo" time="7.106">
    <system-out><![CDATA[12:07:44.886 [main] INFO  serenity.serenity_demo_stepdefs.PetStoreStepDefs - -----------------------------------------API TEST---------------------------------------------------
12:07:44.887 [main] INFO  serenity.serenity_demo_stepdefs.PetStoreStepDefs - Requesting for Pets with status: available
[
    {
        "id": 9221306167782736364,
        "category": {
            "id": 0,
            "name": "string"
        },
        "name": "doggie",
        "photoUrls": [
            "string"
        ],
        "tags": [
            {
                "id": 0,
                "name": "string"
            }
        ],
        "status": "available"
    },
    {
        "id": 9221306167782736365,
        "category": {
            "id": 0,
            "name": "string"
        },
        "name": "doggie",
        "photoUrls": [
            "string"
        ],
        "tags": [
            {
                "id": 0,
                "name": "string"
            }
        ],
        "status": "available"
    },
    {
        "id": 112233,
        "category": {
            "id": 30,
            "name": "Eq-dog"
        },
        "name": "Postman",
        "photoUrls": [
            "URLLink"
        ],
        "tags": [
            {
                "id": 10,
                "name": "Doberman"
            }
        ],
        "status": "available"
    },
    {
        "id": 1245,
        "category": {
            "id": 1245,
            "name": "xyz"
        },
        "name": "xyz",
        "photoUrls": [
            "test"
        ],
        "tags": [
            
        ],
        "status": "available"
    },
    {
        "id": 9221306167782736673,
        "category": {
            "id": 0,
            "name": "Jerry"
        },
        "name": "Mouse",
        "photoUrls": [
            "string"
        ],
        "tags": [
            {
                "id": 0,
                "name": "Mouse"
            }
        ],
        "status": "available"
    },
    {
        "id": 10,
        "category": {
            "id": 0,
            "name": "parrots"
        },
        "name": "janu",
        "photoUrls": [
            "parrot pets"
        ],
        "tags": [
            {
                "id": 20,
                "name": "janu"
            }
        ],
        "status": "available"
    },
    {
        "id": 614,
        "category": {
            "id": 0,
            "name": "string"
        },
        "name": "doggie",
        "photoUrls": [
            "string"
        ],
        "tags": [
            {
                "id": 0,
                "name": "string"
            }
        ],
        "status": "available"
    }
]
[
    {
        "id": 9221306167782736364,
        "category": {
            "id": 0,
            "name": "string"
        },
        "name": "doggie",
        "photoUrls": [
            "string"
        ],
        "tags": [
            {
                "id": 0,
                "name": "string"
            }
        ],
        "status": "available"
    },
    {
        "id": 9221306167782736365,
        "category": {
            "id": 0,
            "name": "string"
        },
        "name": "doggie",
        "photoUrls": [
            "string"
        ],
        "tags": [
            {
                "id": 0,
                "name": "string"
            }
        ],
        "status": "available"
    },
    {
        "id": 112233,
        "category": {
            "id": 30,
            "name": "Eq-dog"
        },
        "name": "Postman",
        "photoUrls": [
            "URLLink"
        ],
        "tags": [
            {
                "id": 10,
                "name": "Doberman"
            }
        ],
        "status": "available"
    },
    {
        "id": 1245,
        "category": {
            "id": 1245,
            "name": "xyz"
        },
        "name": "xyz",
        "photoUrls": [
            "test"
        ],
        "tags": [
            
        ],
        "status": "available"
    },
    {
        "id": 9221306167782736673,
        "category": {
            "id": 0,
            "name": "Jerry"
        },
        "name": "Mouse",
        "photoUrls": [
            "string"
        ],
        "tags": [
            {
                "id": 0,
                "name": "Mouse"
            }
        ],
        "status": "available"
    },
    {
        "id": 10,
        "category": {
            "id": 0,
            "name": "parrots"
        },
        "name": "janu",
        "photoUrls": [
            "parrot pets"
        ],
        "tags": [
            {
                "id": 20,
                "name": "janu"
            }
        ],
        "status": "available"
    },
    {
        "id": 614,
        "category": {
            "id": 0,
            "name": "string"
        },
        "name": "doggie",
        "photoUrls": [
            "string"
        ],
        "tags": [
            {
                "id": 0,
                "name": "string"
            }
        ],
        "status": "available"
    }
]
12:07:45.963 [main] INFO  serenity.serenity_demo_stepdefs.PetStoreStepDefs - All available Pets [
    {
        "id": 9221306167782736364,
        "category": {
            "id": 0,
            "name": "string"
        },
        "name": "doggie",
        "photoUrls": [
            "string"
        ],
        "tags": [
            {
                "id": 0,
                "name": "string"
            }
        ],
        "status": "available"
    },
    {
        "id": 9221306167782736365,
        "category": {
            "id": 0,
            "name": "string"
        },
        "name": "doggie",
        "photoUrls": [
            "string"
        ],
        "tags": [
            {
                "id": 0,
                "name": "string"
            }
        ],
        "status": "available"
    },
    {
        "id": 112233,
        "category": {
            "id": 30,
            "name": "Eq-dog"
        },
        "name": "Postman",
        "photoUrls": [
            "URLLink"
        ],
        "tags": [
            {
                "id": 10,
                "name": "Doberman"
            }
        ],
        "status": "available"
    },
    {
        "id": 1245,
        "category": {
            "id": 1245,
            "name": "xyz"
        },
        "name": "xyz",
        "photoUrls": [
            "test"
        ],
        "tags": [
            
        ],
        "status": "available"
    },
    {
        "id": 9221306167782736673,
        "category": {
            "id": 0,
            "name": "Jerry"
        },
        "name": "Mouse",
        "photoUrls": [
            "string"
        ],
        "tags": [
            {
                "id": 0,
                "name": "Mouse"
            }
        ],
        "status": "available"
    },
    {
        "id": 10,
        "category": {
            "id": 0,
            "name": "parrots"
        },
        "name": "janu",
        "photoUrls": [
            "parrot pets"
        ],
        "tags": [
            {
                "id": 20,
                "name": "janu"
            }
        ],
        "status": "available"
    },
    {
        "id": 614,
        "category": {
            "id": 0,
            "name": "string"
        },
        "name": "doggie",
        "photoUrls": [
            "string"
        ],
        "tags": [
            {
                "id": 0,
                "name": "string"
            }
        ],
        "status": "available"
    }
]
]]></system-out>
  </testcase>
  <testcase name="Post new Pet and delete the pet" classname="PetStore Demo" time="10.838">
    <system-out><![CDATA[Random id : 941
12:07:48.209 [main] INFO  serenity.serenity_demo_stepdefs.PetStoreStepDefs - Adding a new Pet with id : 941
{
    "id": 941,
    "category": {
        "id": 0,
        "name": "string"
    },
    "name": "doggie",
    "photoUrls": [
        "string"
    ],
    "tags": [
        {
            "id": 0,
            "name": "string"
        }
    ],
    "status": "available"
}
{
    "id": 941,
    "category": {
        "id": 0,
        "name": "string"
    },
    "name": "doggie",
    "photoUrls": [
        "string"
    ],
    "tags": [
        {
            "id": 0,
            "name": "string"
        }
    ],
    "status": "available"
}
12:07:50.304 [main] INFO  serenity.serenity_demo_stepdefs.PetStoreStepDefs - New Pet added with id: 941
12:07:51.946 [main] INFO  serenity.serenity_demo_stepdefs.PetStoreStepDefs - Updating Pet status to : Sold
{
    "id": 941,
    "category": {
        "id": 0,
        "name": "string"
    },
    "name": "doggie",
    "photoUrls": [
        "string"
    ],
    "tags": [
        {
            "id": 0,
            "name": "string"
        }
    ],
    "status": "available"
}
{
    "id": 941,
    "category": {
        "id": 0,
        "name": "string"
    },
    "name": "doggie",
    "photoUrls": [
        "string"
    ],
    "tags": [
        {
            "id": 0,
            "name": "string"
        }
    ],
    "status": "Sold"
}
12:07:53.587 [main] INFO  serenity.serenity_demo_stepdefs.PetStoreStepDefs - Pet status updated to: Sold
{
    "code": 200,
    "type": "unknown",
    "message": "941"
}
12:07:55.232 [main] INFO  serenity.serenity_demo_stepdefs.PetStoreStepDefs - Deleting Pet: 941
12:07:56.835 [main] INFO  serenity.serenity_demo_stepdefs.PetStoreStepDefs - Pet status deleted as get request https://petstore.swagger.io/v2/pet/941 returns 404 
]]></system-out>
  </testcase>
</testsuite>